# JRE version: Java(TM) SE Runtime Environment (8.0_161-b12) (build 1.8.0_161-b12)
# Java VM: Java HotSpot(TM) Client VM (25.161-b12 mixed mode windows-x86 )
Heap:
 def new generation   total 78656K, used 78655K [0x03c00000, 0x09150000, 0x09150000)
  eden space 69952K, 100% used [0x03c00000, 0x08050000, 0x08050000)
  from space 8704K,  99% used [0x088d0000, 0x0914fff8, 0x09150000)
  to   space 8704K,   0% used [0x08050000, 0x08050000, 0x088d0000)
 tenured generation   total 174784K, used 174783K [0x09150000, 0x13c00000, 0x13c00000)
   the space 174784K,  99% used [0x09150000, 0x13bffff8, 0x13c00000, 0x13c00000)
 Metaspace       used 18945K, capacity 20570K, committed 20608K, reserved 20864K
GC Heap History (10 events):
Event: 109581.828 GC heap before
{Heap before GC invocations=32199 (full 10397):
 def new generation   total 78656K, used 78655K [0x03c00000, 0x09150000, 0x09150000)
  eden space 69952K, 100% used [0x03c00000, 0x08050000, 0x08050000)
  from space 8704K,  99% used [0x088d0000, 0x0914fe70, 0x09150000)
  to   space 8704K,   0% used [0x08050000, 0x08050000, 0x088d0000)
 tenured generation   total 174784K, used 174783K [0x09150000, 0x13c00000, 0x13c00000)
   the space 174784K,  99% used [0x09150000, 0x13bffff8, 0x13c00000, 0x13c00000)
 Metaspace       used 18945K, capacity 20570K, committed 20608K, reserved 20864K
Event: 109582.317 GC heap after
Heap after GC invocations=32200 (full 10398):
 def new generation   total 78656K, used 78655K [0x03c00000, 0x09150000, 0x09150000)
  eden space 69952K, 100% used [0x03c00000, 0x08050000, 0x08050000)
  from space 8704K,  99% used [0x088d0000, 0x0914fcb0, 0x09150000)
  to   space 8704K,   0% used [0x08050000, 0x08050000, 0x088d0000)
 tenured generation   total 174784K, used 174783K [0x09150000, 0x13c00000, 0x13c00000)
   the space 174784K,  99% used [0x09150000, 0x13bffff8, 0x13c00000, 0x13c00000)
 Metaspace       used 18945K, capacity 20570K, committed 20608K, reserved 20864K
}
Event: 109582.317 GC heap before
{Heap before GC invocations=32200 (full 10398):
 def new generation   total 78656K, used 78655K [0x03c00000, 0x09150000, 0x09150000)
  eden space 69952K, 100% used [0x03c00000, 0x08050000, 0x08050000)
  from space 8704K,  99% used [0x088d0000, 0x0914fcb0, 0x09150000)
  to   space 8704K,   0% used [0x08050000, 0x08050000, 0x088d0000)
 tenured generation   total 174784K, used 174783K [0x09150000, 0x13c00000, 0x13c00000)
   the space 174784K,  99% used [0x09150000, 0x13bffff8, 0x13c00000, 0x13c00000)
 Metaspace       used 18945K, capacity 20570K, committed 20608K, reserved 20864K
Event: 109582.807 GC heap after
Heap after GC invocations=32201 (full 10399):
 def new generation   total 78656K, used 78655K [0x03c00000, 0x09150000, 0x09150000)
  eden space 69952K, 100% used [0x03c00000, 0x08050000, 0x08050000)
  from space 8704K,  99% used [0x088d0000, 0x0914fcb0, 0x09150000)
  to   space 8704K,   0% used [0x08050000, 0x08050000, 0x088d0000)
 tenured generation   total 174784K, used 174783K [0x09150000, 0x13c00000, 0x13c00000)
   the space 174784K,  99% used [0x09150000, 0x13bffff8, 0x13c00000, 0x13c00000)
 Metaspace       used 18945K, capacity 20570K, committed 20608K, reserved 20864K
}
Event: 109582.808 GC heap before
{Heap before GC invocations=32201 (full 10399):
 def new generation   total 78656K, used 78655K [0x03c00000, 0x09150000, 0x09150000)
  eden space 69952K, 100% used [0x03c00000, 0x08050000, 0x08050000)
  from space 8704K,  99% used [0x088d0000, 0x0914fff8, 0x09150000)
  to   space 8704K,   0% used [0x08050000, 0x08050000, 0x088d0000)
 tenured generation   total 174784K, used 174783K [0x09150000, 0x13c00000, 0x13c00000)
   the space 174784K,  99% used [0x09150000, 0x13bffff8, 0x13c00000, 0x13c00000)
 Metaspace       used 18945K, capacity 20570K, committed 20608K, reserved 20864K
Event: 109583.300 GC heap after
Heap after GC invocations=32202 (full 10400):
 def new generation   total 78656K, used 78653K [0x03c00000, 0x09150000, 0x09150000)
  eden space 69952K, 100% used [0x03c00000, 0x08050000, 0x08050000)
  from space 8704K,  99% used [0x088d0000, 0x0914f520, 0x09150000)
  to   space 8704K,   0% used [0x08050000, 0x08050000, 0x088d0000)
 tenured generation   total 174784K, used 174783K [0x09150000, 0x13c00000, 0x13c00000)
   the space 174784K,  99% used [0x09150000, 0x13bffff8, 0x13c00000, 0x13c00000)
 Metaspace       used 18945K, capacity 20570K, committed 20608K, reserved 20864K
}
Event: 109583.300 GC heap before
{Heap before GC invocations=32202 (full 10400):
 def new generation   total 78656K, used 78656K [0x03c00000, 0x09150000, 0x09150000)
  eden space 69952K, 100% used [0x03c00000, 0x08050000, 0x08050000)
  from space 8704K, 100% used [0x088d0000, 0x09150000, 0x09150000)
  to   space 8704K,   0% used [0x08050000, 0x08050000, 0x088d0000)
 tenured generation   total 174784K, used 174783K [0x09150000, 0x13c00000, 0x13c00000)
   the space 174784K,  99% used [0x09150000, 0x13bffff8, 0x13c00000, 0x13c00000)
 Metaspace       used 18945K, capacity 20570K, committed 20608K, reserved 20864K
Event: 109583.789 GC heap after
Heap after GC invocations=32203 (full 10401):
 def new generation   total 78656K, used 78653K [0x03c00000, 0x09150000, 0x09150000)
  eden space 69952K, 100% used [0x03c00000, 0x08050000, 0x08050000)
  from space 8704K,  99% used [0x088d0000, 0x0914f5f8, 0x09150000)
  to   space 8704K,   0% used [0x08050000, 0x08050000, 0x088d0000)
 tenured generation   total 174784K, used 174783K [0x09150000, 0x13c00000, 0x13c00000)
   the space 174784K,  99% used [0x09150000, 0x13bffff8, 0x13c00000, 0x13c00000)
 Metaspace       used 18945K, capacity 20570K, committed 20608K, reserved 20864K
}
Event: 109583.789 GC heap before
{Heap before GC invocations=32203 (full 10401):
 def new generation   total 78656K, used 78656K [0x03c00000, 0x09150000, 0x09150000)
  eden space 69952K, 100% used [0x03c00000, 0x08050000, 0x08050000)
  from space 8704K, 100% used [0x088d0000, 0x09150000, 0x09150000)
  to   space 8704K,   0% used [0x08050000, 0x08050000, 0x088d0000)
 tenured generation   total 174784K, used 174783K [0x09150000, 0x13c00000, 0x13c00000)
   the space 174784K,  99% used [0x09150000, 0x13bffff8, 0x13c00000, 0x13c00000)
 Metaspace       used 18945K, capacity 20570K, committed 20608K, reserved 20864K
Event: 109584.283 GC heap after
Heap after GC invocations=32204 (full 10402):
 def new generation   total 78656K, used 78653K [0x03c00000, 0x09150000, 0x09150000)
  eden space 69952K, 100% used [0x03c00000, 0x08050000, 0x08050000)
  from space 8704K,  99% used [0x088d0000, 0x0914f598, 0x09150000)
  to   space 8704K,   0% used [0x08050000, 0x08050000, 0x088d0000)
 tenured generation   total 174784K, used 174783K [0x09150000, 0x13c00000, 0x13c00000)
   the space 174784K,  99% used [0x09150000, 0x13bffff8, 0x13c00000, 0x13c00000)
 Metaspace       used 18945K, capacity 20570K, committed 20608K, reserved 20864K
}

